Already up to date.
11.02.2024 11:16:17 | Loading addons list from addons.json
11.02.2024 11:16:17 | Number of addons in list 40
11.02.2024 11:16:17 | [1;32mplugin.video.zelka[0m
11.02.2024 11:16:17 | Checking for new versions
11.02.2024 11:16:17 | Local version is 0.0.1o, remote version is 0.0.1o
11.02.2024 11:16:17 | [0;31mNo new version available![0m

11.02.2024 11:16:17 | [1;32mservice.backlight.led[0m
11.02.2024 11:16:17 | Checking for new versions
11.02.2024 11:16:17 | Local version is 0.0.3, remote version is 0.0.3
11.02.2024 11:16:17 | [0;31mNo new version available![0m

11.02.2024 11:16:17 | [1;32mplugin.program.bscfusion[0m
11.02.2024 11:16:17 | Checking for new versions
11.02.2024 11:16:17 | Local version is 0.0.2w, remote version is 0.0.2w
11.02.2024 11:16:17 | [0;31mNo new version available![0m

11.02.2024 11:16:17 | [1;32mservice.subtitles.unacs[0m
11.02.2024 11:16:17 | Checking for new versions
11.02.2024 11:16:17 | Local version is 0.0.15h, remote version is 0.0.15h
11.02.2024 11:16:17 | [0;31mNo new version available![0m

11.02.2024 11:16:17 | [1;32mservice.sleeptimer[0m
11.02.2024 11:16:17 | Checking for new versions
11.02.2024 11:16:17 | Local version is 2.1.9, remote version is 2.1.9
11.02.2024 11:16:17 | [0;31mNo new version available![0m

11.02.2024 11:16:17 | [1;32mservice.screensaver.hooks[0m
11.02.2024 11:16:17 | Checking for new versions
11.02.2024 11:16:17 | Local version is 0.0.1k, remote version is 0.0.1k
11.02.2024 11:16:17 | [0;31mNo new version available![0m

11.02.2024 11:16:17 | [1;32mplugin.program.braviacontrol[0m
11.02.2024 11:16:17 | Checking for new versions
11.02.2024 11:16:17 | Local version is 0.0.1c, remote version is 0.0.1c
11.02.2024 11:16:17 | [0;31mNo new version available![0m

11.02.2024 11:16:17 | [1;32mplugin.video.zamunda[0m
11.02.2024 11:16:17 | Checking for new versions
11.02.2024 11:16:17 | Local version is 0.0.1l, remote version is 0.0.1l
11.02.2024 11:16:17 | [0;31mNo new version available![0m

11.02.2024 11:16:17 | [1;32mscript.module.garepobg[0m
11.02.2024 11:16:17 | Checking for new versions
11.02.2024 11:16:17 | Local version is 0.1.5, remote version is 0.1.5
11.02.2024 11:16:17 | [0;31mNo new version available![0m

11.02.2024 11:16:17 | [1;32mplugin.video.vivatvgo[0m
11.02.2024 11:16:17 | Checking for new versions
11.02.2024 11:16:17 | Local version is 1.0.13, remote version is 1.0.13
11.02.2024 11:16:17 | [0;31mNo new version available![0m

11.02.2024 11:16:17 | [1;32mplugin.video.btvplus[0m
11.02.2024 11:16:17 | Checking for new versions
11.02.2024 11:16:17 | Local version is 2.0.4, remote version is 2.0.4
11.02.2024 11:16:17 | [0;31mNo new version available![0m

11.02.2024 11:16:17 | [1;32mplugin.video.gong.play[0m
11.02.2024 11:16:17 | Checking for new versions
11.02.2024 11:16:17 | Local version is 1.5.5, remote version is 1.5.5
11.02.2024 11:16:17 | [0;31mNo new version available![0m

11.02.2024 11:16:17 | [1;32mplugin.video.free.bgtvs[0m
11.02.2024 11:16:17 | Checking for new versions
11.02.2024 11:16:17 | Local version is 4.0.6, remote version is 4.0.6
11.02.2024 11:16:17 | [0;31mNo new version available![0m

11.02.2024 11:16:17 | [1;32mplugin.program.freebgtvs[0m
11.02.2024 11:16:17 | Checking for new versions
11.02.2024 11:16:17 | Local version is 1.5.0, remote version is 1.5.0
11.02.2024 11:16:17 | [0;31mNo new version available![0m

11.02.2024 11:16:17 | [1;32mplugin.video.voyobg[0m
11.02.2024 11:16:17 | Checking for new versions
11.02.2024 11:16:17 | Local version is 1.0.2, remote version is 1.0.2
11.02.2024 11:16:17 | [0;31mNo new version available![0m

11.02.2024 11:16:17 | [1;32mscript.module.kodibgcommon[0m
11.02.2024 11:16:17 | Checking for new versions
11.02.2024 11:16:17 | Local version is 1.0.10, remote version is 1.0.10
11.02.2024 11:16:17 | [0;31mNo new version available![0m

11.02.2024 11:16:17 | [1;32mplugin.program.pvr.playlist.helper[0m
11.02.2024 11:16:17 | Checking for new versions
11.02.2024 11:16:17 | Local version is 1.0.7, remote version is 1.0.7
11.02.2024 11:16:17 | [0;31mNo new version available![0m

11.02.2024 11:16:17 | [1;32mplugin.video.misiamoiatdom[0m
11.02.2024 11:16:17 | Checking for new versions
11.02.2024 11:16:17 | Local version is 1.0.2, remote version is 1.0.2
11.02.2024 11:16:17 | [0;31mNo new version available![0m

11.02.2024 11:16:17 | [1;32mplugin.video.arenabg[0m
11.02.2024 11:16:17 | Checking for new versions
11.02.2024 11:16:17 | Local version is 1.0.6a, remote version is 1.0.6a
11.02.2024 11:16:17 | [0;31mNo new version available![0m

11.02.2024 11:16:17 | [1;32mservice.subtitles.modedbg[0m
11.02.2024 11:16:17 | Checking for new versions
11.02.2024 11:16:17 | Local version is 0.0.12, remote version is 0.0.12
11.02.2024 11:16:17 | [0;31mNo new version available![0m

11.02.2024 11:16:17 | [1;32mplugin.video.detskifilmi[0m
11.02.2024 11:16:17 | Checking for new versions
11.02.2024 11:16:17 | Local version is 1.0.0, remote version is 1.0.0
11.02.2024 11:16:17 | [0;31mNo new version available![0m

11.02.2024 11:16:17 | [1;32mplugin.video.energytorrent[0m
11.02.2024 11:16:17 | Checking for new versions
11.02.2024 11:16:17 | Local version is 1.0.1, remote version is 1.0.1
11.02.2024 11:16:17 | [0;31mNo new version available![0m

11.02.2024 11:16:17 | [1;32mplugin.audio.bgradio_online[0m
11.02.2024 11:16:17 | Checking for new versions
11.02.2024 11:16:17 | Local version is 1.0.0, remote version is 1.0.0
11.02.2024 11:16:17 | [0;31mNo new version available![0m

11.02.2024 11:16:17 | [1;32mplugin.video.tvbulsatcomv2[0m
11.02.2024 11:16:17 | Checking for new versions
11.02.2024 11:16:17 | Local version is 2.0.1d, remote version is 2.0.1d
11.02.2024 11:16:17 | [0;31mNo new version available![0m

11.02.2024 11:16:17 | [1;32mplugin.video.seirsanduk.r1[0m
11.02.2024 11:16:17 | Checking for new versions
11.02.2024 11:16:17 | Local version is 4.2.0, remote version is 4.2.0
11.02.2024 11:16:17 | [0;31mNo new version available![0m

11.02.2024 11:16:17 | [1;32mplugin.video.bgtvon[0m
11.02.2024 11:16:17 | Checking for new versions
11.02.2024 11:16:17 | Local version is 6.1.0, remote version is 6.1.0
11.02.2024 11:16:17 | [0;31mNo new version available![0m

11.02.2024 11:16:17 | [1;32mplugin.video.mytv_bg[0m
11.02.2024 11:16:17 | Checking for new versions
11.02.2024 11:16:17 | Local version is 2.0.5, remote version is 2.0.5
11.02.2024 11:16:17 | [0;31mNo new version available![0m

11.02.2024 11:16:17 | [1;32mplugin.video.filmi2k[0m
11.02.2024 11:16:17 | Checking for new versions
11.02.2024 11:16:17 | Local version is 1.0.5, remote version is 1.0.5
11.02.2024 11:16:17 | [0;31mNo new version available![0m

11.02.2024 11:16:17 | [1;32mplugin.video.telenet[0m
11.02.2024 11:16:17 | Checking for new versions
11.02.2024 11:16:17 | Local version is 1.0.0, remote version is 1.0.0
11.02.2024 11:16:17 | [0;31mNo new version available![0m

11.02.2024 11:16:17 | [1;32mplugin.video.gomovies[0m
11.02.2024 11:16:17 | Checking for new versions
11.02.2024 11:16:17 | Local version is 1.0.5, remote version is 1.0.5
11.02.2024 11:16:17 | [0;31mNo new version available![0m

11.02.2024 11:16:17 | [1;32mplugin.video.gledaionlain[0m
11.02.2024 11:16:17 | Checking for new versions
11.02.2024 11:16:17 | Local version is 1.0.0, remote version is 1.0.0
11.02.2024 11:16:17 | [0;31mNo new version available![0m

11.02.2024 11:16:17 | [1;32mplugin.video.elementaltv[0m
11.02.2024 11:16:17 | Checking for new versions
11.02.2024 11:16:18 | Local version is 1.0.0, remote version is 1.0.0
11.02.2024 11:16:18 | [0;31mNo new version available![0m

11.02.2024 11:16:18 | [1;32mplugin.video.mtelnow[0m
11.02.2024 11:16:18 | Checking for new versions
11.02.2024 11:16:18 | Local version is 2.1.0, remote version is 2.1.0
11.02.2024 11:16:18 | [0;31mNo new version available![0m

11.02.2024 11:16:18 | [1;32mplugin.video.envymovies[0m
11.02.2024 11:16:18 | Checking for new versions
11.02.2024 11:16:18 | Local version is 1.1.4, remote version is 1.1.4
11.02.2024 11:16:18 | [0;31mNo new version available![0m

11.02.2024 11:16:18 | [1;32mplugin.video.myonvideo[0m
11.02.2024 11:16:18 | Checking for new versions
11.02.2024 11:16:18 | Local version is 1.0.4, remote version is 1.0.4
11.02.2024 11:16:18 | [0;31mNo new version available![0m

11.02.2024 11:16:18 | [1;32mplugin.video.neterratv[0m
11.02.2024 11:16:18 | Checking for new versions
11.02.2024 11:16:18 | Local version is 3.0.1, remote version is 3.0.1
11.02.2024 11:16:18 | [0;31mNo new version available![0m

11.02.2024 11:16:18 | [1;32mdjzone.house.radio[0m
11.02.2024 11:16:18 | Checking for new versions
11.02.2024 11:16:18 | Local version is 1.0.0, remote version is 1.0.0
11.02.2024 11:16:18 | [0;31mNo new version available![0m

11.02.2024 11:16:18 | [1;32mplugin.video.voyobgvod[0m
11.02.2024 11:16:18 | Checking for new versions
11.02.2024 11:16:18 | Local version is 0.2.3, remote version is 0.2.3
11.02.2024 11:16:18 | [0;31mNo new version available![0m

11.02.2024 11:16:18 | [1;32mplugin.video.bntbg[0m
11.02.2024 11:16:18 | Checking for new versions
11.02.2024 11:16:18 | Local version is 5.0.1, remote version is 5.0.1
11.02.2024 11:16:18 | [0;31mNo new version available![0m

11.02.2024 11:16:18 | [1;32mplugin.video.dazn[0m
11.02.2024 11:16:18 | Checking for new versions
11.02.2024 11:16:18 | Local version is 1.3.26, remote version is 1.3.26
11.02.2024 11:16:18 | [0;31mNo new version available![0m

11.02.2024 11:16:18 | No new addons found!
11.02.2024 11:16:18 | Skipping repo update!
